<?xml version="1.0" encoding="UTF-8"?>
<coverage generated="1544568090599" clover="3.2.0">
  <project timestamp="1544568090599" name="All files">
    <metrics statements="49" coveredstatements="31" conditionals="2" coveredconditionals="0" methods="7" coveredmethods="1" elements="58" coveredelements="32" complexity="0" loc="49" ncloc="49" packages="5" files="5" classes="5">
      <package name="digimon">
        <metrics statements="12" coveredstatements="7" conditionals="2" coveredconditionals="0" methods="1" coveredmethods="0"/>
        <file name="app.js" path="/Users/e3cd/CODE/JAVASCRIPT/NODE/digimon/app.js">
          <metrics statements="12" coveredstatements="7" conditionals="2" coveredconditionals="0" methods="1" coveredmethods="0"/>
          <line num="1" count="1" type="stmt"/>
          <line num="2" count="1" type="stmt"/>
          <line num="6" count="1" type="stmt"/>
          <line num="8" count="0" type="stmt"/>
          <line num="9" count="0" type="stmt"/>
          <line num="10" count="0" type="stmt"/>
          <line num="12" count="0" type="cond" truecount="0" falsecount="2"/>
          <line num="13" count="0" type="stmt"/>
          <line num="18" count="1" type="stmt"/>
          <line num="19" count="1" type="stmt"/>
          <line num="21" count="1" type="stmt"/>
          <line num="23" count="1" type="stmt"/>
        </file>
      </package>
      <package name="digimon.controllers">
        <metrics statements="18" coveredstatements="5" conditionals="0" coveredconditionals="0" methods="6" coveredmethods="1"/>
        <file name="digimon_controller.js" path="/Users/e3cd/CODE/JAVASCRIPT/NODE/digimon/controllers/digimon_controller.js">
          <metrics statements="18" coveredstatements="5" conditionals="0" coveredconditionals="0" methods="6" coveredmethods="1"/>
          <line num="1" count="1" type="stmt"/>
          <line num="4" count="0" type="stmt"/>
          <line num="5" count="0" type="stmt"/>
          <line num="11" count="0" type="stmt"/>
          <line num="12" count="0" type="stmt"/>
          <line num="14" count="0" type="stmt"/>
          <line num="18" count="0" type="stmt"/>
          <line num="22" count="1" type="stmt"/>
          <line num="23" count="1" type="stmt"/>
          <line num="25" count="1" type="stmt"/>
          <line num="29" count="0" type="stmt"/>
          <line num="30" count="0" type="stmt"/>
          <line num="31" count="0" type="stmt"/>
          <line num="37" count="0" type="stmt"/>
          <line num="41" count="0" type="stmt"/>
          <line num="42" count="0" type="stmt"/>
          <line num="44" count="0" type="stmt"/>
          <line num="47" count="1" type="stmt"/>
        </file>
      </package>
      <package name="digimon.database.models">
        <metrics statements="4" coveredstatements="4" conditionals="0" coveredconditionals="0" methods="0" coveredmethods="0"/>
        <file name="digimon_model.js" path="/Users/e3cd/CODE/JAVASCRIPT/NODE/digimon/database/models/digimon_model.js">
          <metrics statements="4" coveredstatements="4" conditionals="0" coveredconditionals="0" methods="0" coveredmethods="0"/>
          <line num="1" count="1" type="stmt"/>
          <line num="2" count="1" type="stmt"/>
          <line num="4" count="1" type="stmt"/>
          <line num="6" count="1" type="stmt"/>
        </file>
      </package>
      <package name="digimon.database.schemas">
        <metrics statements="3" coveredstatements="3" conditionals="0" coveredconditionals="0" methods="0" coveredmethods="0"/>
        <file name="digimon_schema.js" path="/Users/e3cd/CODE/JAVASCRIPT/NODE/digimon/database/schemas/digimon_schema.js">
          <metrics statements="3" coveredstatements="3" conditionals="0" coveredconditionals="0" methods="0" coveredmethods="0"/>
          <line num="1" count="1" type="stmt"/>
          <line num="3" count="1" type="stmt"/>
          <line num="19" count="1" type="stmt"/>
        </file>
      </package>
      <package name="digimon.routes">
        <metrics statements="12" coveredstatements="12" conditionals="0" coveredconditionals="0" methods="0" coveredmethods="0"/>
        <file name="index.js" path="/Users/e3cd/CODE/JAVASCRIPT/NODE/digimon/routes/index.js">
          <metrics statements="12" coveredstatements="12" conditionals="0" coveredconditionals="0" methods="0" coveredmethods="0"/>
          <line num="1" count="1" type="stmt"/>
          <line num="2" count="1" type="stmt"/>
          <line num="3" count="1" type="stmt"/>
          <line num="5" count="1" type="stmt"/>
          <line num="7" count="1" type="stmt"/>
          <line num="9" count="1" type="stmt"/>
          <line num="23" count="1" type="stmt"/>
          <line num="25" count="1" type="stmt"/>
          <line num="27" count="1" type="stmt"/>
          <line num="29" count="1" type="stmt"/>
          <line num="31" count="1" type="stmt"/>
          <line num="33" count="1" type="stmt"/>
        </file>
      </package>
    </metrics>
  </project>
</coverage>
