{"/Users/e3cd/CODE/JAVASCRIPT/NODE/digimon/app.js": {"path":"/Users/e3cd/CODE/JAVASCRIPT/NODE/digimon/app.js","statementMap":{"0":{"start":{"line":1,"column":16},"end":{"line":1,"column":34}},"1":{"start":{"line":2,"column":12},"end":{"line":2,"column":21}},"2":{"start":{"line":6,"column":0},"end":{"line":16,"column":2}},"3":{"start":{"line":8,"column":4},"end":{"line":8,"column":19}},"4":{"start":{"line":9,"column":4},"end":{"line":9,"column":28}},"5":{"start":{"line":10,"column":4},"end":{"line":10,"column":33}},"6":{"start":{"line":12,"column":4},"end":{"line":14,"column":5}},"7":{"start":{"line":13,"column":6},"end":{"line":13,"column":47}},"8":{"start":{"line":18,"column":0},"end":{"line":18,"column":30}},"9":{"start":{"line":19,"column":0},"end":{"line":19,"column":24}},"10":{"start":{"line":21,"column":0},"end":{"line":21,"column":29}},"11":{"start":{"line":23,"column":0},"end":{"line":23,"column":21}}},"fnMap":{"0":{"name":"(anonymous_0)","decl":{"start":{"line":7,"column":2},"end":{"line":7,"column":3}},"loc":{"start":{"line":7,"column":35},"end":{"line":15,"column":3}},"line":7}},"branchMap":{"0":{"loc":{"start":{"line":12,"column":4},"end":{"line":14,"column":5}},"type":"if","locations":[{"start":{"line":12,"column":4},"end":{"line":14,"column":5}},{"start":{"line":12,"column":4},"end":{"line":14,"column":5}}],"line":12}},"s":{"0":1,"1":1,"2":1,"3":0,"4":0,"5":0,"6":0,"7":0,"8":1,"9":1,"10":1,"11":1},"f":{"0":0},"b":{"0":[0,0]},"_coverageSchema":"332fd63041d2c1bcb487cc26dd0d5f7d97098a6c","hash":"115b28d1bb7a2af5ec3011523372b0cc47e285ff"}
,"/Users/e3cd/CODE/JAVASCRIPT/NODE/digimon/controllers/digimon_controller.js": {"path":"/Users/e3cd/CODE/JAVASCRIPT/NODE/digimon/controllers/digimon_controller.js","statementMap":{"0":{"start":{"line":1,"column":21},"end":{"line":1,"column":66}},"1":{"start":{"line":4,"column":19},"end":{"line":4,"column":44}},"2":{"start":{"line":5,"column":2},"end":{"line":5,"column":21}},"3":{"start":{"line":11,"column":17},"end":{"line":11,"column":27}},"4":{"start":{"line":12,"column":19},"end":{"line":12,"column":50}},"5":{"start":{"line":14,"column":2},"end":{"line":14,"column":21}},"6":{"start":{"line":18,"column":2},"end":{"line":18,"column":28}},"7":{"start":{"line":22,"column":40},"end":{"line":22,"column":48}},"8":{"start":{"line":23,"column":18},"end":{"line":23,"column":74}},"9":{"start":{"line":25,"column":2},"end":{"line":25,"column":43}},"10":{"start":{"line":29,"column":17},"end":{"line":29,"column":27}},"11":{"start":{"line":30,"column":40},"end":{"line":30,"column":48}},"12":{"start":{"line":31,"column":18},"end":{"line":35,"column":4}},"13":{"start":{"line":37,"column":2},"end":{"line":37,"column":28}},"14":{"start":{"line":41,"column":17},"end":{"line":41,"column":27}},"15":{"start":{"line":42,"column":2},"end":{"line":42,"column":43}},"16":{"start":{"line":44,"column":2},"end":{"line":44,"column":28}},"17":{"start":{"line":47,"column":0},"end":{"line":54,"column":2}}},"fnMap":{"0":{"name":"index","decl":{"start":{"line":3,"column":15},"end":{"line":3,"column":20}},"loc":{"start":{"line":3,"column":37},"end":{"line":8,"column":1}},"line":3},"1":{"name":"show","decl":{"start":{"line":10,"column":15},"end":{"line":10,"column":19}},"loc":{"start":{"line":10,"column":30},"end":{"line":15,"column":1}},"line":10},"2":{"name":"make","decl":{"start":{"line":17,"column":9},"end":{"line":17,"column":13}},"loc":{"start":{"line":17,"column":24},"end":{"line":19,"column":1}},"line":17},"3":{"name":"create","decl":{"start":{"line":21,"column":15},"end":{"line":21,"column":21}},"loc":{"start":{"line":21,"column":32},"end":{"line":26,"column":1}},"line":21},"4":{"name":"update","decl":{"start":{"line":28,"column":15},"end":{"line":28,"column":21}},"loc":{"start":{"line":28,"column":32},"end":{"line":38,"column":1}},"line":28},"5":{"name":"destroy","decl":{"start":{"line":40,"column":15},"end":{"line":40,"column":22}},"loc":{"start":{"line":40,"column":33},"end":{"line":45,"column":1}},"line":40}},"branchMap":{},"s":{"0":1,"1":0,"2":0,"3":0,"4":0,"5":0,"6":0,"7":1,"8":1,"9":1,"10":0,"11":0,"12":0,"13":0,"14":0,"15":0,"16":0,"17":1},"f":{"0":0,"1":0,"2":0,"3":1,"4":0,"5":0},"b":{},"_coverageSchema":"332fd63041d2c1bcb487cc26dd0d5f7d97098a6c","hash":"acc9be394e02baa44706172409e3e2aac17b7d29"}
,"/Users/e3cd/CODE/JAVASCRIPT/NODE/digimon/database/models/digimon_model.js": {"path":"/Users/e3cd/CODE/JAVASCRIPT/NODE/digimon/database/models/digimon_model.js","statementMap":{"0":{"start":{"line":1,"column":17},"end":{"line":1,"column":36}},"1":{"start":{"line":2,"column":22},"end":{"line":2,"column":60}},"2":{"start":{"line":4,"column":21},"end":{"line":4,"column":61}},"3":{"start":{"line":6,"column":0},"end":{"line":6,"column":30}}},"fnMap":{},"branchMap":{},"s":{"0":1,"1":1,"2":1,"3":1},"f":{},"b":{},"_coverageSchema":"332fd63041d2c1bcb487cc26dd0d5f7d97098a6c","hash":"b93947306ba7f967a097012e69bf9098fda93adc"}
,"/Users/e3cd/CODE/JAVASCRIPT/NODE/digimon/database/schemas/digimon_schema.js": {"path":"/Users/e3cd/CODE/JAVASCRIPT/NODE/digimon/database/schemas/digimon_schema.js","statementMap":{"0":{"start":{"line":1,"column":19},"end":{"line":1,"column":38}},"1":{"start":{"line":3,"column":22},"end":{"line":17,"column":2}},"2":{"start":{"line":19,"column":0},"end":{"line":19,"column":31}}},"fnMap":{},"branchMap":{},"s":{"0":1,"1":1,"2":1},"f":{},"b":{},"_coverageSchema":"332fd63041d2c1bcb487cc26dd0d5f7d97098a6c","hash":"894c5ddcec9473210c4777e4ba95072c791ee2af"}
,"/Users/e3cd/CODE/JAVASCRIPT/NODE/digimon/routes/index.js": {"path":"/Users/e3cd/CODE/JAVASCRIPT/NODE/digimon/routes/index.js","statementMap":{"0":{"start":{"line":1,"column":16},"end":{"line":1,"column":34}},"1":{"start":{"line":2,"column":15},"end":{"line":2,"column":31}},"2":{"start":{"line":3,"column":26},"end":{"line":3,"column":72}},"3":{"start":{"line":5,"column":27},"end":{"line":5,"column":47}},"4":{"start":{"line":7,"column":0},"end":{"line":7,"column":49}},"5":{"start":{"line":9,"column":0},"end":{"line":21,"column":2}},"6":{"start":{"line":23,"column":0},"end":{"line":23,"column":53}},"7":{"start":{"line":25,"column":0},"end":{"line":25,"column":52}},"8":{"start":{"line":27,"column":0},"end":{"line":27,"column":54}},"9":{"start":{"line":29,"column":0},"end":{"line":29,"column":56}},"10":{"start":{"line":31,"column":0},"end":{"line":31,"column":58}},"11":{"start":{"line":33,"column":0},"end":{"line":33,"column":24}}},"fnMap":{},"branchMap":{},"s":{"0":1,"1":1,"2":1,"3":1,"4":1,"5":1,"6":1,"7":1,"8":1,"9":1,"10":1,"11":1},"f":{},"b":{},"_coverageSchema":"332fd63041d2c1bcb487cc26dd0d5f7d97098a6c","hash":"2a185b5a32d7d7d6d24b67a086b2f76fb98b6ff8"}
}
