TN:
SF:/Users/e3cd/CODE/JAVASCRIPT/NODE/digimon/app.js
FN:7,(anonymous_0)
FNF:1
FNH:0
FNDA:0,(anonymous_0)
DA:1,1
DA:2,1
DA:6,1
DA:8,0
DA:9,0
DA:10,0
DA:12,0
DA:13,0
DA:18,1
DA:19,1
DA:21,1
DA:23,1
LF:12
LH:7
BRDA:12,0,0,0
BRDA:12,0,1,0
BRF:2
BRH:0
end_of_record
TN:
SF:/Users/e3cd/CODE/JAVASCRIPT/NODE/digimon/controllers/digimon_controller.js
FN:3,index
FN:10,show
FN:17,make
FN:21,create
FN:28,update
FN:40,destroy
FNF:6
FNH:1
FNDA:0,index
FNDA:0,show
FNDA:0,make
FNDA:1,create
FNDA:0,update
FNDA:0,destroy
DA:1,1
DA:4,0
DA:5,0
DA:11,0
DA:12,0
DA:14,0
DA:18,0
DA:22,1
DA:23,1
DA:25,1
DA:29,0
DA:30,0
DA:31,0
DA:37,0
DA:41,0
DA:42,0
DA:44,0
DA:47,1
LF:18
LH:5
BRF:0
BRH:0
end_of_record
TN:
SF:/Users/e3cd/CODE/JAVASCRIPT/NODE/digimon/database/models/digimon_model.js
FNF:0
FNH:0
DA:1,1
DA:2,1
DA:4,1
DA:6,1
LF:4
LH:4
BRF:0
BRH:0
end_of_record
TN:
SF:/Users/e3cd/CODE/JAVASCRIPT/NODE/digimon/database/schemas/digimon_schema.js
FNF:0
FNH:0
DA:1,1
DA:3,1
DA:19,1
LF:3
LH:3
BRF:0
BRH:0
end_of_record
TN:
SF:/Users/e3cd/CODE/JAVASCRIPT/NODE/digimon/routes/index.js
FNF:0
FNH:0
DA:1,1
DA:2,1
DA:3,1
DA:5,1
DA:7,1
DA:9,1
DA:23,1
DA:25,1
DA:27,1
DA:29,1
DA:31,1
DA:33,1
LF:12
LH:12
BRF:0
BRH:0
end_of_record
